<?xml version="1.0" encoding="UTF-8"?>
<!-- Generated by org.testng.reporters.JUnitReportReporter -->
<testsuite hostname="DESKTOP-DR53LUO" name="com.dsi.suites.SearchEmployeeTest" tests="2" failures="0" timestamp="23 Sep 2016 05:35:12 GMT" time="10.971" errors="0">
  <testcase name="blankSearchForInActiveUser" time="5.400" classname="com.dsi.suites.SearchEmployeeTest"/>
  <testcase name="blankSearchForActiveUser" time="5.571" classname="com.dsi.suites.SearchEmployeeTest"/>
</testsuite> <!-- com.dsi.suites.SearchEmployeeTest -->
