<?xml version="1.0" encoding="UTF-8"?>
<!-- Generated by org.testng.reporters.JUnitReportReporter -->
<testsuite hostname="DESKTOP-DR53LUO" name="com.dsi.suites.LoginTest" tests="7" failures="0" timestamp="27 Sep 2016 08:43:36 GMT" time="43.099" errors="0">
  <testcase name="LoginWithIncorrectUsernamePassword" time="4.514" classname="com.dsi.suites.LoginTest"/>
  <testcase name="LoginWithValidUsernameAndPasswordBlank" time="5.053" classname="com.dsi.suites.LoginTest"/>
  <testcase name="test_blankLogin" time="4.413" classname="com.dsi.suites.LoginTest"/>
  <testcase name="LoginWithCaseSensitiveUsernameAndValidPassword" time="19.967" classname="com.dsi.suites.LoginTest"/>
  <testcase name="testURL" time="0.229" classname="com.dsi.suites.LoginTest"/>
  <testcase name="LoginWithBlankUsernameAndValidPassword" time="4.374" classname="com.dsi.suites.LoginTest"/>
  <testcase name="loginWithValidCredentials" time="4.549" classname="com.dsi.suites.LoginTest"/>
</testsuite> <!-- com.dsi.suites.LoginTest -->
